[  0%] Built target rosgraph_msgs_generate_messages_cpp
[  0%] Built target std_msgs_generate_messages_nodejs
[  0%] Built target rosgraph_msgs_generate_messages_eus
[  0%] Built target std_msgs_generate_messages_py
[  0%] Built target std_msgs_generate_messages_lisp
[  0%] Built target roscpp_generate_messages_nodejs
[  0%] Built target std_msgs_generate_messages_eus
[  0%] Built target roscpp_generate_messages_eus
[  0%] Built target roscpp_generate_messages_cpp
[  0%] Built target roscpp_generate_messages_py
[  0%] Built target std_msgs_generate_messages_cpp
[  0%] Built target rosgraph_msgs_generate_messages_lisp
[  0%] Built target roscpp_generate_messages_lisp
[  0%] Built target rosgraph_msgs_generate_messages_py
[  0%] Built target rosgraph_msgs_generate_messages_nodejs
[  0%] Built target _open_nmpc_controller_generate_messages_check_deps_OptimizationParameters
[  0%] Built target _open_nmpc_controller_generate_messages_check_deps_OptimizationResult
[ 42%] Built target open_nmpc_controller_generate_messages_lisp
[ 50%] Built target open_nmpc_controller_generate_messages_nodejs
[ 50%] Built target open_nmpc_controller_generate_messages_py
[ 64%] Built target open_nmpc_controller_generate_messages_cpp
[ 85%] Built target open_nmpc_controller_generate_messages_eus
[35m[1mScanning dependencies of target open_mpc_controller_node[0m
[ 85%] Built target open_nmpc_controller_generate_messages
[ 92%] [32mBuilding CXX object CMakeFiles/open_mpc_controller_node.dir/src/open_optimizer.cpp.o[0m
[100%] [32m[1mLinking CXX executable /home/nat/ros_workspaces/open_ws/devel/.private/open_nmpc_controller/lib/open_nmpc_controller/open_mpc_controller_node[0m
[100%] Built target open_mpc_controller_node
