[  0%] Built target std_msgs_generate_messages_py
[  0%] Built target std_msgs_generate_messages_lisp
[  0%] Built target rosgraph_msgs_generate_messages_cpp
[  0%] Built target roscpp_generate_messages_nodejs
[  0%] Built target std_msgs_generate_messages_eus
[  0%] Built target roscpp_generate_messages_eus
[  0%] Built target roscpp_generate_messages_cpp
[  0%] Built target std_msgs_generate_messages_nodejs
[  0%] Built target rosgraph_msgs_generate_messages_eus
[  0%] Built target roscpp_generate_messages_lisp
[  0%] Built target rosgraph_msgs_generate_messages_py
[  0%] Built target rosgraph_msgs_generate_messages_nodejs
[  0%] Built target roscpp_generate_messages_py
[  0%] Built target rosgraph_msgs_generate_messages_lisp
[  0%] Built target std_msgs_generate_messages_cpp
[  0%] Built target _open_nmpc_controller_generate_messages_check_deps_OptimizationResult
[  0%] Built target _open_nmpc_controller_generate_messages_check_deps_OptimizationParameters
[ 50%] Built target open_nmpc_controller_generate_messages_cpp
[ 50%] Built target open_nmpc_controller_generate_messages_nodejs
[ 50%] Built target open_nmpc_controller_generate_messages_eus
[ 85%] Built target open_nmpc_controller_generate_messages_lisp
[ 85%] Built target open_nmpc_controller_generate_messages_py
[ 85%] Built target open_nmpc_controller_generate_messages
[100%] Built target open_mpc_controller_node
