[  5%] [34m[1mGenerating dynamic reconfigure files from cfg/Spinnaker.cfg: /home/nat/ros_workspaces/open_ws/devel/.private/spinnaker_camera_driver/include/spinnaker_camera_driver/SpinnakerConfig.h /home/nat/ros_workspaces/open_ws/devel/.private/spinnaker_camera_driver/lib/python3/dist-packages/spinnaker_camera_driver/cfg/SpinnakerConfig.py[0m
Generating reconfiguration files for Spinnaker in spinnaker_camera_driver
Wrote header file in /home/nat/ros_workspaces/open_ws/devel/.private/spinnaker_camera_driver/include/spinnaker_camera_driver/SpinnakerConfig.h
[  5%] Built target spinnaker_camera_driver_gencfg
[35m[1mScanning dependencies of target Camera[0m
[ 11%] [32mBuilding CXX object CMakeFiles/Camera.dir/src/camera.cpp.o[0m
[ 17%] [32m[1mLinking CXX shared library /home/nat/ros_workspaces/open_ws/devel/.private/spinnaker_camera_driver/lib/libCamera.so[0m
[ 17%] Built target Camera
[35m[1mScanning dependencies of target Gh3[0m
[35m[1mScanning dependencies of target SpinnakerCameraLib[0m
[35m[1mScanning dependencies of target Cm3[0m
[ 23%] [32mBuilding CXX object CMakeFiles/SpinnakerCameraLib.dir/src/SpinnakerCamera.cpp.o[0m
[ 35%] [32mBuilding CXX object CMakeFiles/Gh3.dir/src/gh3.cpp.o[0m
[ 35%] [32mBuilding CXX object CMakeFiles/Cm3.dir/src/cm3.cpp.o[0m
[ 41%] [32m[1mLinking CXX shared library /home/nat/ros_workspaces/open_ws/devel/.private/spinnaker_camera_driver/lib/libGh3.so[0m
[ 52%] [32m[1mLinking CXX shared library /home/nat/ros_workspaces/open_ws/devel/.private/spinnaker_camera_driver/lib/libSpinnakerCameraLib.so[0m
[ 52%] [32m[1mLinking CXX shared library /home/nat/ros_workspaces/open_ws/devel/.private/spinnaker_camera_driver/lib/libCm3.so[0m
[ 52%] Built target Gh3
[ 52%] Built target Cm3
[ 52%] Built target SpinnakerCameraLib
[35m[1mScanning dependencies of target Diagnostics[0m
[ 64%] [32m[1mLinking CXX executable /home/nat/ros_workspaces/open_ws/devel/.private/spinnaker_camera_driver/lib/spinnaker_camera_driver/spinnaker_test_node[0m
[ 64%] [32m[1mLinking CXX executable /home/nat/ros_workspaces/open_ws/devel/.private/spinnaker_camera_driver/lib/spinnaker_camera_driver/camera_node[0m
[ 70%] [32mBuilding CXX object CMakeFiles/Diagnostics.dir/src/diagnostics.cpp.o[0m
[ 76%] [32m[1mLinking CXX shared library /home/nat/ros_workspaces/open_ws/devel/.private/spinnaker_camera_driver/lib/libDiagnostics.so[0m
[ 82%] Built target spinnaker_camera_node
[ 82%] Built target Diagnostics
[35m[1mScanning dependencies of target SpinnakerCameraNodelet[0m
[ 88%] [32mBuilding CXX object CMakeFiles/SpinnakerCameraNodelet.dir/src/nodelet.cpp.o[0m
[ 94%] Built target spinnaker_test_node
[100%] [32m[1mLinking CXX shared library /home/nat/ros_workspaces/open_ws/devel/.private/spinnaker_camera_driver/lib/libSpinnakerCameraNodelet.so[0m
[100%] Built target SpinnakerCameraNodelet
