[36m--[0m Using CATKIN_DEVEL_PREFIX: /home/nat/ros_workspaces/open_ws/devel/.private/spinnaker_camera_driver
[36m--[0m Using CMAKE_PREFIX_PATH: /home/nat/ros_workspaces/open_ws/devel;/home/nat/ros_workspaces/catkin_ws/devel;/opt/ros/noetic
[36m--[0m This workspace overlays: /home/nat/ros_workspaces/open_ws/devel;/home/nat/ros_workspaces/catkin_ws/devel;/opt/ros/noetic
[36m--[0m Found PythonInterp: /usr/bin/python3 (found suitable version "3.8.10", minimum required is "3")
[36m--[0m Using PYTHON_EXECUTABLE: /usr/bin/python3
[36m--[0m Using Debian Python package layout
[36m--[0m Using empy: /home/nat/.local/lib/python3.8/site-packages/em.py
[36m--[0m Using CATKIN_ENABLE_TESTING: ON
[36m--[0m Call enable_testing()
[36m--[0m Using CATKIN_TEST_RESULTS_DIR: /home/nat/ros_workspaces/open_ws/build/spinnaker_camera_driver/test_results
[36m--[0m Forcing gtest/gmock from source, though one was otherwise available.
[36m--[0m Found gtest sources under '/usr/src/googletest': gtests will be built
[36m--[0m Found gmock sources under '/usr/src/googletest': gmock will be built
[36m--[0m Found PythonInterp: /usr/bin/python3 (found version "3.8.10")
[36m--[0m Using Python nosetests: /usr/bin/nosetests3
[36m--[0m catkin 0.8.10
[36m--[0m BUILD_SHARED_LIBS is on
[36m--[0m libSpinnaker not found in system library path
[36m--[0m Running download_spinnaker script with arguments: x86_64 /home/nat/ros_workspaces/open_ws/build/spinnaker_camera_driver/usr/lib focal
INFO:root:CPU architecture is x86_64
INFO:root:OS code name is focal
INFO:root:Destination folder is /home/nat/ros_workspaces/open_ws/build/spinnaker_camera_driver/usr/lib
INFO:root:Previous installation found, skipping...
[36m--[0m libSpinnaker library: /home/nat/ros_workspaces/open_ws/build/spinnaker_camera_driver/usr/lib/libSpinnaker.so
[36m--[0m libSpinnaker include: /home/nat/ros_workspaces/open_ws/build/spinnaker_camera_driver/opt/spinnaker/include/
[36m--[0m Configuring done
[36m--[0m Generating done
[36m--[0m Build files have been written to: /home/nat/ros_workspaces/open_ws/build/spinnaker_camera_driver
